2021-09-20 03:58:22.097  INFO 12432 --- [main] c.u.j.e.EcommerceappApplication          : Starting EcommerceappApplication using Java 16.0.1 on RaagaviDesktop with PID 12432 (C:\Anu\Udacity\myProjects\Project4\ecommerceapp\target\classes started by LENOVO i7 in C:\Anu\Udacity\myProjects\Project4\ecommerceapp)
2021-09-20 03:58:22.101  INFO 12432 --- [main] c.u.j.e.EcommerceappApplication          : No active profile set, falling back to default profiles: default
2021-09-20 03:58:22.960  INFO 12432 --- [main] .s.d.r.c.RepositoryConfigurationDelegate : Bootstrapping Spring Data JPA repositories in DEFAULT mode.
2021-09-20 03:58:23.052  INFO 12432 --- [main] .s.d.r.c.RepositoryConfigurationDelegate : Finished Spring Data repository scanning in 77 ms. Found 4 JPA repository interfaces.
2021-09-20 03:58:24.229  INFO 12432 --- [main] o.s.b.w.embedded.tomcat.TomcatWebServer  : Tomcat initialized with port(s): 8080 (http)
2021-09-20 03:58:24.243  INFO 12432 --- [main] o.apache.catalina.core.StandardService   : Starting service [Tomcat]
2021-09-20 03:58:24.244  INFO 12432 --- [main] org.apache.catalina.core.StandardEngine  : Starting Servlet engine: [Apache Tomcat/9.0.52]
2021-09-20 03:58:24.413  INFO 12432 --- [main] o.a.c.c.C.[Tomcat].[localhost].[/]       : Initializing Spring embedded WebApplicationContext
2021-09-20 03:58:24.414  INFO 12432 --- [main] w.s.c.ServletWebServerApplicationContext : Root WebApplicationContext: initialization completed in 2211 ms
2021-09-20 03:58:24.465  INFO 12432 --- [main] com.zaxxer.hikari.HikariDataSource       : HikariPool-1 - Starting...
2021-09-20 03:58:24.669  INFO 12432 --- [main] com.zaxxer.hikari.HikariDataSource       : HikariPool-1 - Start completed.
2021-09-20 03:58:24.676  INFO 12432 --- [main] o.s.b.a.h2.H2ConsoleAutoConfiguration    : H2 console available at '/h2'. Database available at 'jdbc:h2:mem:ecommercedb'
2021-09-20 03:58:24.930  INFO 12432 --- [main] o.hibernate.jpa.internal.util.LogHelper  : HHH000204: Processing PersistenceUnitInfo [name: default]
2021-09-20 03:58:24.995  INFO 12432 --- [main] org.hibernate.Version                    : HHH000412: Hibernate ORM core version 5.4.32.Final
2021-09-20 03:58:25.155  INFO 12432 --- [main] o.hibernate.annotations.common.Version   : HCANN000001: Hibernate Commons Annotations {5.1.2.Final}
2021-09-20 03:58:25.306  INFO 12432 --- [main] org.hibernate.dialect.Dialect            : HHH000400: Using dialect: org.hibernate.dialect.H2Dialect
2021-09-20 03:58:26.039  INFO 12432 --- [main] o.h.e.t.j.p.i.JtaPlatformInitiator       : HHH000490: Using JtaPlatform implementation: [org.hibernate.engine.transaction.jta.platform.internal.NoJtaPlatform]
2021-09-20 03:58:26.047  INFO 12432 --- [main] j.LocalContainerEntityManagerFactoryBean : Initialized JPA EntityManagerFactory for persistence unit 'default'
2021-09-20 03:58:26.489  WARN 12432 --- [main] JpaBaseConfiguration$JpaWebConfiguration : spring.jpa.open-in-view is enabled by default. Therefore, database queries may be performed during view rendering. Explicitly configure spring.jpa.open-in-view to disable this warning
2021-09-20 03:58:27.036  INFO 12432 --- [main] o.s.s.web.DefaultSecurityFilterChain     : Will secure any request with [org.springframework.security.web.context.request.async.WebAsyncManagerIntegrationFilter@3e8fe7db, org.springframework.security.web.context.SecurityContextPersistenceFilter@71458178, org.springframework.security.web.header.HeaderWriterFilter@6148827c, org.springframework.web.filter.CorsFilter@62e586a6, org.springframework.security.web.authentication.logout.LogoutFilter@18e76101, com.udacity.jwdnd.ecommerceapp.security.JWTAuthenticationFilter@64908ab9, com.udacity.jwdnd.ecommerceapp.security.JWTAuthenticationVerficationFilter@1b06dc57, org.springframework.security.web.savedrequest.RequestCacheAwareFilter@301e5d23, org.springframework.security.web.servletapi.SecurityContextHolderAwareRequestFilter@1c66cd02, org.springframework.security.web.authentication.AnonymousAuthenticationFilter@5af641d3, org.springframework.security.web.session.SessionManagementFilter@66048c9e, org.springframework.security.web.access.ExceptionTranslationFilter@7aca299e, org.springframework.security.web.access.intercept.FilterSecurityInterceptor@75fa9254]
2021-09-20 03:58:27.283  INFO 12432 --- [main] o.s.b.w.embedded.tomcat.TomcatWebServer  : Tomcat started on port(s): 8080 (http) with context path ''
2021-09-20 03:58:27.294  INFO 12432 --- [main] c.u.j.e.EcommerceappApplication          : Started EcommerceappApplication in 5.895 seconds (JVM running for 6.462)
2021-09-20 03:58:44.903  INFO 12432 --- [http-nio-8080-exec-2] o.a.c.c.C.[Tomcat].[localhost].[/]       : Initializing Spring DispatcherServlet 'dispatcherServlet'
2021-09-20 03:58:45.053 ERROR 12432 --- [http-nio-8080-exec-2] c.u.j.e.controllers.UserController       : Error - Either length is less than 7 or pass and conf pass do not match. Unable to create
2021-09-20 04:00:46.823  INFO 4996 --- [main] c.u.j.e.EcommerceappApplicationTests     : Starting EcommerceappApplicationTests using Java 16.0.1 on RaagaviDesktop with PID 4996 (started by LENOVO i7 in C:\Anu\Udacity\myProjects\Project4\ecommerceapp)
2021-09-20 04:00:46.823  INFO 4996 --- [main] c.u.j.e.EcommerceappApplicationTests     : No active profile set, falling back to default profiles: default
2021-09-20 04:00:47.617  INFO 4996 --- [main] .s.d.r.c.RepositoryConfigurationDelegate : Bootstrapping Spring Data JPA repositories in DEFAULT mode.
2021-09-20 04:00:47.695  INFO 4996 --- [main] .s.d.r.c.RepositoryConfigurationDelegate : Finished Spring Data repository scanning in 76 ms. Found 4 JPA repository interfaces.
2021-09-20 04:00:48.789  INFO 4996 --- [main] o.hibernate.jpa.internal.util.LogHelper  : HHH000204: Processing PersistenceUnitInfo [name: default]
2021-09-20 04:00:48.883  INFO 4996 --- [main] org.hibernate.Version                    : HHH000412: Hibernate ORM core version 5.4.32.Final
2021-09-20 04:00:49.039  INFO 4996 --- [main] o.hibernate.annotations.common.Version   : HCANN000001: Hibernate Commons Annotations {5.1.2.Final}
2021-09-20 04:00:49.227  INFO 4996 --- [main] com.zaxxer.hikari.HikariDataSource       : HikariPool-1 - Starting...
2021-09-20 04:00:49.477  INFO 4996 --- [main] com.zaxxer.hikari.HikariDataSource       : HikariPool-1 - Start completed.
2021-09-20 04:00:49.508  INFO 4996 --- [main] org.hibernate.dialect.Dialect            : HHH000400: Using dialect: org.hibernate.dialect.H2Dialect
2021-09-20 04:00:50.274  INFO 4996 --- [main] o.h.e.t.j.p.i.JtaPlatformInitiator       : HHH000490: Using JtaPlatform implementation: [org.hibernate.engine.transaction.jta.platform.internal.NoJtaPlatform]
2021-09-20 04:00:50.274  INFO 4996 --- [main] j.LocalContainerEntityManagerFactoryBean : Initialized JPA EntityManagerFactory for persistence unit 'default'
2021-09-20 04:00:50.977  WARN 4996 --- [main] JpaBaseConfiguration$JpaWebConfiguration : spring.jpa.open-in-view is enabled by default. Therefore, database queries may be performed during view rendering. Explicitly configure spring.jpa.open-in-view to disable this warning
2021-09-20 04:00:51.336  INFO 4996 --- [main] o.s.b.a.h2.H2ConsoleAutoConfiguration    : H2 console available at '/h2'. Database available at 'jdbc:h2:mem:ecommercedb'
2021-09-20 04:00:51.664  INFO 4996 --- [main] o.s.s.web.DefaultSecurityFilterChain     : Will secure any request with [org.springframework.security.web.context.request.async.WebAsyncManagerIntegrationFilter@542754be, org.springframework.security.web.context.SecurityContextPersistenceFilter@1e5e3147, org.springframework.security.web.header.HeaderWriterFilter@799cf32d, org.springframework.web.filter.CorsFilter@af57949, org.springframework.security.web.authentication.logout.LogoutFilter@1cca2e9d, com.udacity.jwdnd.ecommerceapp.security.JWTAuthenticationFilter@f833223, com.udacity.jwdnd.ecommerceapp.security.JWTAuthenticationVerficationFilter@5186b78a, org.springframework.security.web.savedrequest.RequestCacheAwareFilter@4eec5fa6, org.springframework.security.web.servletapi.SecurityContextHolderAwareRequestFilter@66a99584, org.springframework.security.web.authentication.AnonymousAuthenticationFilter@3f6a9ba0, org.springframework.security.web.session.SessionManagementFilter@5ac7550a, org.springframework.security.web.access.ExceptionTranslationFilter@212c0aff, org.springframework.security.web.access.intercept.FilterSecurityInterceptor@3fdbb7ee]
2021-09-20 04:00:52.196  INFO 4996 --- [main] c.u.j.e.EcommerceappApplicationTests     : Started EcommerceappApplicationTests in 5.769 seconds (JVM running for 7.249)
2021-09-20 04:00:52.430  INFO 4996 --- [SpringApplicationShutdownHook] j.LocalContainerEntityManagerFactoryBean : Closing JPA EntityManagerFactory for persistence unit 'default'
2021-09-20 04:00:52.430  INFO 4996 --- [SpringApplicationShutdownHook] .SchemaDropperImpl$DelayedDropActionImpl : HHH000477: Starting delayed evictData of schema as part of SessionFactory shut-down'
2021-09-20 04:00:52.430  WARN 4996 --- [SpringApplicationShutdownHook] o.h.engine.jdbc.spi.SqlExceptionHelper   : SQL Error: 90121, SQLState: 90121
2021-09-20 04:00:52.430 ERROR 4996 --- [SpringApplicationShutdownHook] o.h.engine.jdbc.spi.SqlExceptionHelper   : Database is already closed (to disable automatic closing at VM shutdown, add ";DB_CLOSE_ON_EXIT=FALSE" to the db URL) [90121-200]
2021-09-20 04:00:52.430  WARN 4996 --- [SpringApplicationShutdownHook] o.h.engine.jdbc.spi.SqlExceptionHelper   : SQL Error: 90121, SQLState: 90121
2021-09-20 04:00:52.430 ERROR 4996 --- [SpringApplicationShutdownHook] o.h.engine.jdbc.spi.SqlExceptionHelper   : Database is already closed (to disable automatic closing at VM shutdown, add ";DB_CLOSE_ON_EXIT=FALSE" to the db URL) [90121-200]
2021-09-20 04:00:52.430  WARN 4996 --- [SpringApplicationShutdownHook] o.s.b.f.support.DisposableBeanAdapter    : Invocation of destroy method failed on bean with name 'entityManagerFactory': org.hibernate.exception.JDBCConnectionException: Unable to release JDBC Connection used for DDL execution
2021-09-20 04:00:52.430  INFO 4996 --- [SpringApplicationShutdownHook] com.zaxxer.hikari.HikariDataSource       : HikariPool-1 - Shutdown initiated...
2021-09-20 04:00:52.430  INFO 4996 --- [SpringApplicationShutdownHook] com.zaxxer.hikari.HikariDataSource       : HikariPool-1 - Shutdown completed.
2021-09-20 04:11:57.468  INFO 12452 --- [main] c.u.j.e.EcommerceappApplication          : Starting EcommerceappApplication using Java 16.0.1 on RaagaviDesktop with PID 12452 (C:\Anu\Udacity\myProjects\Project4\ecommerceapp\target\classes started by LENOVO i7 in C:\Anu\Udacity\myProjects\Project4\ecommerceapp)
2021-09-20 04:11:57.473  INFO 12452 --- [main] c.u.j.e.EcommerceappApplication          : No active profile set, falling back to default profiles: default
2021-09-20 04:11:58.336  INFO 12452 --- [main] .s.d.r.c.RepositoryConfigurationDelegate : Bootstrapping Spring Data JPA repositories in DEFAULT mode.
2021-09-20 04:11:58.414  INFO 12452 --- [main] .s.d.r.c.RepositoryConfigurationDelegate : Finished Spring Data repository scanning in 72 ms. Found 4 JPA repository interfaces.
2021-09-20 04:11:59.586  INFO 12452 --- [main] o.s.b.w.embedded.tomcat.TomcatWebServer  : Tomcat initialized with port(s): 8080 (http)
2021-09-20 04:11:59.601  INFO 12452 --- [main] o.apache.catalina.core.StandardService   : Starting service [Tomcat]
2021-09-20 04:11:59.601  INFO 12452 --- [main] org.apache.catalina.core.StandardEngine  : Starting Servlet engine: [Apache Tomcat/9.0.52]
2021-09-20 04:11:59.773  INFO 12452 --- [main] o.a.c.c.C.[Tomcat].[localhost].[/]       : Initializing Spring embedded WebApplicationContext
2021-09-20 04:11:59.773  INFO 12452 --- [main] w.s.c.ServletWebServerApplicationContext : Root WebApplicationContext: initialization completed in 2212 ms
2021-09-20 04:11:59.820  INFO 12452 --- [main] com.zaxxer.hikari.HikariDataSource       : HikariPool-1 - Starting...
2021-09-20 04:12:00.041  INFO 12452 --- [main] com.zaxxer.hikari.HikariDataSource       : HikariPool-1 - Start completed.
2021-09-20 04:12:00.041  INFO 12452 --- [main] o.s.b.a.h2.H2ConsoleAutoConfiguration    : H2 console available at '/h2'. Database available at 'jdbc:h2:mem:ecommercedb'
2021-09-20 04:12:00.307  INFO 12452 --- [main] o.hibernate.jpa.internal.util.LogHelper  : HHH000204: Processing PersistenceUnitInfo [name: default]
2021-09-20 04:12:00.385  INFO 12452 --- [main] org.hibernate.Version                    : HHH000412: Hibernate ORM core version 5.4.32.Final
2021-09-20 04:12:00.541  INFO 12452 --- [main] o.hibernate.annotations.common.Version   : HCANN000001: Hibernate Commons Annotations {5.1.2.Final}
2021-09-20 04:12:00.682  INFO 12452 --- [main] org.hibernate.dialect.Dialect            : HHH000400: Using dialect: org.hibernate.dialect.H2Dialect
2021-09-20 04:12:01.463  INFO 12452 --- [main] o.h.e.t.j.p.i.JtaPlatformInitiator       : HHH000490: Using JtaPlatform implementation: [org.hibernate.engine.transaction.jta.platform.internal.NoJtaPlatform]
2021-09-20 04:12:01.463  INFO 12452 --- [main] j.LocalContainerEntityManagerFactoryBean : Initialized JPA EntityManagerFactory for persistence unit 'default'
2021-09-20 04:12:01.900  WARN 12452 --- [main] JpaBaseConfiguration$JpaWebConfiguration : spring.jpa.open-in-view is enabled by default. Therefore, database queries may be performed during view rendering. Explicitly configure spring.jpa.open-in-view to disable this warning
2021-09-20 04:12:02.432  INFO 12452 --- [main] o.s.s.web.DefaultSecurityFilterChain     : Will secure any request with [org.springframework.security.web.context.request.async.WebAsyncManagerIntegrationFilter@6c1a6db1, org.springframework.security.web.context.SecurityContextPersistenceFilter@67689c81, org.springframework.security.web.header.HeaderWriterFilter@6e6f5842, org.springframework.web.filter.CorsFilter@5dac6bc3, org.springframework.security.web.authentication.logout.LogoutFilter@5718e77c, com.udacity.jwdnd.ecommerceapp.security.JWTAuthenticationFilter@a6204e4, com.udacity.jwdnd.ecommerceapp.security.JWTAuthenticationVerficationFilter@747e8659, org.springframework.security.web.savedrequest.RequestCacheAwareFilter@2ec156fb, org.springframework.security.web.servletapi.SecurityContextHolderAwareRequestFilter@1bf52f10, org.springframework.security.web.authentication.AnonymousAuthenticationFilter@4b360a82, org.springframework.security.web.session.SessionManagementFilter@2c846d55, org.springframework.security.web.access.ExceptionTranslationFilter@1d6a22dd, org.springframework.security.web.access.intercept.FilterSecurityInterceptor@31028e45]
2021-09-20 04:12:02.682  INFO 12452 --- [main] o.s.b.w.embedded.tomcat.TomcatWebServer  : Tomcat started on port(s): 8080 (http) with context path ''
2021-09-20 04:12:02.698  INFO 12452 --- [main] c.u.j.e.EcommerceappApplication          : Started EcommerceappApplication in 5.931 seconds (JVM running for 6.637)
2021-09-20 04:12:29.248  INFO 12452 --- [http-nio-8080-exec-1] o.a.c.c.C.[Tomcat].[localhost].[/]       : Initializing Spring DispatcherServlet 'dispatcherServlet'
2021-09-20 04:12:29.513  INFO 12452 --- [http-nio-8080-exec-1] c.u.j.e.controllers.UserController       : Successfully created UserRaaga
2021-09-20 04:14:23.698  INFO 15568 --- [main] c.u.j.e.EcommerceappApplicationTests     : Starting EcommerceappApplicationTests using Java 16.0.1 on RaagaviDesktop with PID 15568 (started by LENOVO i7 in C:\Anu\Udacity\myProjects\Project4\ecommerceapp)
2021-09-20 04:14:23.702  INFO 15568 --- [main] c.u.j.e.EcommerceappApplicationTests     : No active profile set, falling back to default profiles: default
2021-09-20 04:14:24.450  INFO 15568 --- [main] .s.d.r.c.RepositoryConfigurationDelegate : Bootstrapping Spring Data JPA repositories in DEFAULT mode.
2021-09-20 04:14:24.538  INFO 15568 --- [main] .s.d.r.c.RepositoryConfigurationDelegate : Finished Spring Data repository scanning in 79 ms. Found 4 JPA repository interfaces.
2021-09-20 04:14:25.642  INFO 15568 --- [main] o.hibernate.jpa.internal.util.LogHelper  : HHH000204: Processing PersistenceUnitInfo [name: default]
2021-09-20 04:14:25.727  INFO 15568 --- [main] org.hibernate.Version                    : HHH000412: Hibernate ORM core version 5.4.32.Final
2021-09-20 04:14:25.895  INFO 15568 --- [main] o.hibernate.annotations.common.Version   : HCANN000001: Hibernate Commons Annotations {5.1.2.Final}
2021-09-20 04:14:26.078  INFO 15568 --- [main] com.zaxxer.hikari.HikariDataSource       : HikariPool-1 - Starting...
2021-09-20 04:14:26.289  INFO 15568 --- [main] com.zaxxer.hikari.HikariDataSource       : HikariPool-1 - Start completed.
2021-09-20 04:14:26.327  INFO 15568 --- [main] org.hibernate.dialect.Dialect            : HHH000400: Using dialect: org.hibernate.dialect.H2Dialect
2021-09-20 04:14:27.082  INFO 15568 --- [main] o.h.e.t.j.p.i.JtaPlatformInitiator       : HHH000490: Using JtaPlatform implementation: [org.hibernate.engine.transaction.jta.platform.internal.NoJtaPlatform]
2021-09-20 04:14:27.091  INFO 15568 --- [main] j.LocalContainerEntityManagerFactoryBean : Initialized JPA EntityManagerFactory for persistence unit 'default'
2021-09-20 04:14:27.746  WARN 15568 --- [main] JpaBaseConfiguration$JpaWebConfiguration : spring.jpa.open-in-view is enabled by default. Therefore, database queries may be performed during view rendering. Explicitly configure spring.jpa.open-in-view to disable this warning
2021-09-20 04:14:28.149  INFO 15568 --- [main] o.s.b.a.h2.H2ConsoleAutoConfiguration    : H2 console available at '/h2'. Database available at 'jdbc:h2:mem:ecommercedb'
2021-09-20 04:14:28.476  INFO 15568 --- [main] o.s.s.web.DefaultSecurityFilterChain     : Will secure any request with [org.springframework.security.web.context.request.async.WebAsyncManagerIntegrationFilter@6956eb58, org.springframework.security.web.context.SecurityContextPersistenceFilter@7e514482, org.springframework.security.web.header.HeaderWriterFilter@dd77e0d, org.springframework.web.filter.CorsFilter@7fff419d, org.springframework.security.web.authentication.logout.LogoutFilter@68543a35, com.udacity.jwdnd.ecommerceapp.security.JWTAuthenticationFilter@6127ef86, com.udacity.jwdnd.ecommerceapp.security.JWTAuthenticationVerficationFilter@542754be, org.springframework.security.web.savedrequest.RequestCacheAwareFilter@3aed692d, org.springframework.security.web.servletapi.SecurityContextHolderAwareRequestFilter@3966c679, org.springframework.security.web.authentication.AnonymousAuthenticationFilter@af57949, org.springframework.security.web.session.SessionManagementFilter@6cd6698b, org.springframework.security.web.access.ExceptionTranslationFilter@351be56b, org.springframework.security.web.access.intercept.FilterSecurityInterceptor@155318b5]
2021-09-20 04:14:28.999  INFO 15568 --- [main] c.u.j.e.EcommerceappApplicationTests     : Started EcommerceappApplicationTests in 5.683 seconds (JVM running for 7.197)
2021-09-20 04:14:29.235  INFO 15568 --- [SpringApplicationShutdownHook] j.LocalContainerEntityManagerFactoryBean : Closing JPA EntityManagerFactory for persistence unit 'default'
2021-09-20 04:14:29.236  INFO 15568 --- [SpringApplicationShutdownHook] .SchemaDropperImpl$DelayedDropActionImpl : HHH000477: Starting delayed evictData of schema as part of SessionFactory shut-down'
2021-09-20 04:14:29.237  WARN 15568 --- [SpringApplicationShutdownHook] o.h.engine.jdbc.spi.SqlExceptionHelper   : SQL Error: 90121, SQLState: 90121
2021-09-20 04:14:29.238 ERROR 15568 --- [SpringApplicationShutdownHook] o.h.engine.jdbc.spi.SqlExceptionHelper   : Database is already closed (to disable automatic closing at VM shutdown, add ";DB_CLOSE_ON_EXIT=FALSE" to the db URL) [90121-200]
2021-09-20 04:14:29.239  WARN 15568 --- [SpringApplicationShutdownHook] o.h.engine.jdbc.spi.SqlExceptionHelper   : SQL Error: 90121, SQLState: 90121
2021-09-20 04:14:29.239 ERROR 15568 --- [SpringApplicationShutdownHook] o.h.engine.jdbc.spi.SqlExceptionHelper   : Database is already closed (to disable automatic closing at VM shutdown, add ";DB_CLOSE_ON_EXIT=FALSE" to the db URL) [90121-200]
2021-09-20 04:14:29.239  WARN 15568 --- [SpringApplicationShutdownHook] o.s.b.f.support.DisposableBeanAdapter    : Invocation of destroy method failed on bean with name 'entityManagerFactory': org.hibernate.exception.JDBCConnectionException: Unable to release JDBC Connection used for DDL execution
2021-09-20 04:14:29.240  INFO 15568 --- [SpringApplicationShutdownHook] com.zaxxer.hikari.HikariDataSource       : HikariPool-1 - Shutdown initiated...
2021-09-20 04:14:29.243  INFO 15568 --- [SpringApplicationShutdownHook] com.zaxxer.hikari.HikariDataSource       : HikariPool-1 - Shutdown completed.
